<?xml version="1.0" encoding="UTF-8"?>
<!-- Generated by org.testng.reporters.JUnitReportReporter -->
<testsuite hostname="LAPTOP-0U23EMBM" failures="0" tests="1" name="com.myp.gui.EndToEndTest" time="8.203" errors="0" timestamp="2024-08-06T10:52:29 EEST" skipped="0">
  <testcase classname="com.myp.gui.EndToEndTest" name="endToEndTest" time="8.203"/>
</testsuite> <!-- com.myp.gui.EndToEndTest -->
