<?xml version="1.0" encoding="UTF-8"?>
<!-- Generated by org.testng.reporters.JUnitReportReporter -->
<testsuite hostname="LAPTOP-0U23EMBM" failures="0" tests="4" name="com.myp.gui.RegistrationTest" time="17.411" errors="0" timestamp="2024-08-07T14:40:57 EEST" skipped="0">
  <testcase classname="com.myp.gui.RegistrationTest" name="verifyUserCannotRegisterWithInvalidData" time="3.527"/>
  <testcase classname="com.myp.gui.RegistrationTest" name="verifyAlreadyRegisteredUserCanSuccessfullyLogin" time="4.325"/>
  <testcase classname="com.myp.gui.RegistrationTest" name="verifyAlreadyRegisteredUserCanSuccessfullyLoginAndNavigateToEditProfile" time="4.739"/>
  <testcase classname="com.myp.gui.RegistrationTest" name="verifyUserCanRegisterWithValidData" time="4.820"/>
</testsuite> <!-- com.myp.gui.RegistrationTest -->
