<?xml version="1.0" encoding="UTF-8"?>
<!-- Generated by org.testng.reporters.JUnitReportReporter -->
<testsuite hostname="LAPTOP-0U23EMBM" failures="0" tests="2" name="com.myp.gui.PostCommentDelete" time="10.648" errors="0" timestamp="2024-08-07T14:40:57 EEST" skipped="0">
  <testcase classname="com.myp.gui.PostCommentDelete" name="verifyUserCanCreateAndCommentOnPost" time="6.066"/>
  <testcase classname="com.myp.gui.PostCommentDelete" name="verifyUserCanDeletePost" time="4.582"/>
</testsuite> <!-- com.myp.gui.PostCommentDelete -->
