<?xml version="1.0" encoding="UTF-8"?>
<!-- Generated by org.testng.reporters.JUnitReportReporter -->
<testsuite hostname="LAPTOP-0U23EMBM" failures="0" tests="2" name="com.myp.gui.RegistrationTest" time="25.902" errors="0" timestamp="2024-07-19T11:59:36 EEST" skipped="0">
  <testcase classname="com.myp.gui.RegistrationTest" name="verifyUserCanNotRegisterWithINValidData" time="7.440"/>
  <testcase classname="com.myp.gui.RegistrationTest" name="verifyUserCanRegisterWithValidData" time="18.462"/>
</testsuite> <!-- com.myp.gui.RegistrationTest -->
