<?xml version="1.0" encoding="UTF-8"?>
<!-- Generated by org.testng.reporters.JUnitReportReporter -->
<testsuite hostname="LAPTOP-0U23EMBM" failures="0" tests="1" name="com.myp.gui.EndToEndTest" time="9.122" errors="0" timestamp="2024-08-06T12:28:58 EEST" skipped="0">
  <testcase classname="com.myp.gui.EndToEndTest" name="endToEndTest" time="9.122"/>
</testsuite> <!-- com.myp.gui.EndToEndTest -->
