<?xml version="1.0" encoding="UTF-8"?>
<!-- Generated by org.testng.reporters.JUnitReportReporter -->
<testsuite hostname="LAPTOP-0U23EMBM" failures="0" tests="4" name="com.myp.gui.LoginTest" time="34.463" errors="0" timestamp="2024-07-19T11:59:36 EEST" skipped="0">
  <testcase classname="com.myp.gui.LoginTest" name="verifyAlreadyRegisteredUserCanNotSuccessfullyLoginWithWrongUsername" time="9.725"/>
  <testcase classname="com.myp.gui.LoginTest" name="verifyAlreadyRegisteredUserCanNotSuccessfullyLoginWithNotProvidedCredentials" time="8.353"/>
  <testcase classname="com.myp.gui.LoginTest" name="verifyAlreadyRegisteredUserCanNotSuccessfullyLoginWithWrongPassword" time="8.908"/>
  <testcase classname="com.myp.gui.LoginTest" name="verifyAlreadyRegisteredUserCanSuccessfullyLogin" time="7.477"/>
</testsuite> <!-- com.myp.gui.LoginTest -->
